<?xml version="1.0" encoding="UTF-8"?>
<!-- Generated by org.testng.reporters.JUnitXMLReporter -->
<testsuite ignored="0" hostname="LAPTOP-02J3V1KL" failures="0" tests="3" name="Default test" time="25.674" errors="0" timestamp="2023-06-22T07:05:52 IST">
  <testcase classname="com.demowebshop.testscript.LoginTest" name="TC_002_verifyInvalidLoginErrorMessage" time="1.435"/>
  <testcase classname="com.demowebshop.testscript.LoginTest" name="TC_002_verifyInvalidLoginErrorMessage" time="1.137"/>
  <testcase classname="com.demowebshop.testscript.LoginTest" name="TC_002_verifyInvalidLoginErrorMessage" time="1.167"/>
</testsuite> <!-- Default test -->
