<?xml version="1.0" encoding="UTF-8"?>
<!-- Generated by org.testng.reporters.JUnitXMLReporter -->
<testsuite ignored="0" hostname="LAPTOP-02J3V1KL" failures="0" tests="3" name="Edge Test" time="9.483" errors="0" timestamp="2023-06-22T07:33:08 IST">
  <testcase classname="com.demowebshop.testscript.LoginTest" name="TC_002_verifyInvalidLoginErrorMessage" time="0.0">
    <skipped/>
  </testcase> <!-- TC_002_verifyInvalidLoginErrorMessage -->
  <testcase classname="com.demowebshop.testscript.LoginTest" name="TC_002_verifyInvalidLoginErrorMessage" time="0.0">
    <skipped/>
  </testcase> <!-- TC_002_verifyInvalidLoginErrorMessage -->
  <testcase classname="com.demowebshop.testscript.LoginTest" name="TC_002_verifyInvalidLoginErrorMessage" time="0.0">
    <skipped/>
  </testcase> <!-- TC_002_verifyInvalidLoginErrorMessage -->
</testsuite> <!-- Edge Test -->
