<?xml version="1.0" encoding="UTF-8"?>
<!-- Generated by org.testng.reporters.JUnitXMLReporter -->
<testsuite ignored="1" hostname="LAPTOP-02J3V1KL" failures="0" tests="4" name="Functional Test" time="44.257" errors="0" timestamp="2023-06-22T07:08:50 IST">
  <testcase classname="com.demowebshop.testscript.HomeTest" name="TC_001_verifySubscribeEmailMessage" time="20.795"/>
  <testcase classname="com.demowebshop.testscript.LoginTest" name="TC_002_verifyInvalidLoginErrorMessage" time="1.21"/>
  <testcase classname="com.demowebshop.testscript.LoginTest" name="TC_002_verifyInvalidLoginErrorMessage" time="1.118"/>
  <testcase classname="com.demowebshop.testscript.LoginTest" name="TC_002_verifyInvalidLoginErrorMessage" time="1.139"/>
  <testcase classname="com.demowebshop.automationcore.Base" name="@BeforeSuite setExtent" time="0.0">
    <ignored/>
  </testcase> <!-- @BeforeSuite setExtent -->
</testsuite> <!-- Functional Test -->
