<?xml version="1.0" encoding="UTF-8"?>
<!-- Generated by org.testng.reporters.JUnitXMLReporter -->
<testsuite ignored="0" hostname="LAPTOP-02J3V1KL" failures="0" tests="4" name="Parameter testing-Grouping" time="49.386" errors="0" timestamp="2023-06-23T07:16:25 IST">
  <testcase classname="com.demowebshop.testscript.HomeTest" name="TC_001_verifySubscribeEmailMessage" time="20.931"/>
  <testcase classname="com.demowebshop.testscript.LoginTest" name="TC_002_verifyInvalidLoginErrorMessage" time="1.188"/>
  <testcase classname="com.demowebshop.testscript.LoginTest" name="TC_002_verifyInvalidLoginErrorMessage" time="1.12"/>
  <testcase classname="com.demowebshop.testscript.LoginTest" name="TC_002_verifyInvalidLoginErrorMessage" time="1.161"/>
</testsuite> <!-- Parameter testing-Grouping -->
