<?xml version="1.0" encoding="UTF-8"?>
<testng-results ignored="0" total="1" passed="1" failed="0" skipped="0">
  <reporter-output>
  </reporter-output>
  <suite started-at="2023-06-23T07:31:55 IST" name="Suite" finished-at="2023-06-23T07:32:22 IST" duration-ms="27024">
    <groups>
      <group name="Regression">
        <method signature="HomeTest.TC_001_verifySubscribeEmailMessage()[pri:1, instance:com.demowebshop.testscript.HomeTest@3315d2d7]" name="TC_001_verifySubscribeEmailMessage" class="com.demowebshop.testscript.HomeTest"/>
      </group> <!-- Regression -->
    </groups>
    <test started-at="2023-06-23T07:31:55 IST" name="Chrome Test" finished-at="2023-06-23T07:32:22 IST" duration-ms="27024">
      <class name="com.demowebshop.testscript.HomeTest">
        <test-method is-config="true" signature="setExtent(org.testng.ITestContext)[pri:0, instance:com.demowebshop.testscript.HomeTest@3315d2d7]" started-at="2023-06-23T07:31:55 IST" name="setExtent" finished-at="2023-06-23T07:31:55 IST" duration-ms="17" status="PASS">
          <params>
            <param index="0">
              <value>
                <![CDATA[org.testng.TestRunner@5b20706]]>
              </value>
            </param>
          </params>
          <reporter-output>
          </reporter-output>
        </test-method> <!-- setExtent -->
        <test-method is-config="true" signature="setUP(java.lang.String)[pri:0, instance:com.demowebshop.testscript.HomeTest@3315d2d7]" started-at="2023-06-23T07:31:55 IST" name="setUP" finished-at="2023-06-23T07:32:01 IST" duration-ms="5633" status="PASS">
          <params>
            <param index="0">
              <value>
                <![CDATA[chrome]]>
              </value>
            </param>
          </params>
          <reporter-output>
          </reporter-output>
        </test-method> <!-- setUP -->
        <test-method signature="TC_001_verifySubscribeEmailMessage()[pri:1, instance:com.demowebshop.testscript.HomeTest@3315d2d7]" started-at="2023-06-23T07:32:01 IST" name="TC_001_verifySubscribeEmailMessage" description="TC_001_verify Subscribe Email Message" finished-at="2023-06-23T07:32:22 IST" duration-ms="21040" status="PASS">
          <reporter-output>
          </reporter-output>
        </test-method> <!-- TC_001_verifySubscribeEmailMessage -->
        <test-method is-config="true" signature="tearDown(org.testng.ITestResult)[pri:0, instance:com.demowebshop.testscript.HomeTest@3315d2d7]" started-at="2023-06-23T07:32:22 IST" name="tearDown" finished-at="2023-06-23T07:32:22 IST" duration-ms="325" status="PASS">
          <params>
            <param index="0">
              <value>
                <![CDATA[[TestResult name=TC_001_verifySubscribeEmailMessage status=SUCCESS method=HomeTest.TC_001_verifySubscribeEmailMessage()[pri:1, instance:com.demowebshop.testscript.HomeTest@3315d2d7] output={null}]]]>
              </value>
            </param>
          </params>
          <reporter-output>
          </reporter-output>
        </test-method> <!-- tearDown -->
      </class> <!-- com.demowebshop.testscript.HomeTest -->
    </test> <!-- Chrome Test -->
  </suite> <!-- Suite -->
</testng-results>
