<?xml version="1.0" encoding="UTF-8"?>
<testng-results ignored="0" total="4" passed="4" failed="0" skipped="0">
  <reporter-output>
  </reporter-output>
  <suite started-at="2023-06-22T07:57:00 IST" name="Parallel Testing" finished-at="2023-06-22T07:57:31 IST" duration-ms="30780">
    <groups>
    </groups>
    <test started-at="2023-06-22T07:57:00 IST" name="Chrome Test" finished-at="2023-06-22T07:57:27 IST" duration-ms="27064">
      <class name="com.demowebshop.testscript.HomeTest">
        <test-method is-config="true" signature="setUP(java.lang.String)[pri:0, instance:com.demowebshop.testscript.HomeTest@71def8f8]" started-at="2023-06-22T07:57:00 IST" name="setUP" finished-at="2023-06-22T07:57:07 IST" duration-ms="6367" status="PASS">
          <params>
            <param index="0">
              <value>
                <![CDATA[chrome]]>
              </value>
            </param>
          </params>
          <reporter-output>
          </reporter-output>
        </test-method> <!-- setUP -->
        <test-method signature="TC_001_verifySubscribeEmailMessage()[pri:0, instance:com.demowebshop.testscript.HomeTest@71def8f8]" started-at="2023-06-22T07:57:07 IST" name="TC_001_verifySubscribeEmailMessage" finished-at="2023-06-22T07:57:27 IST" duration-ms="20346" status="PASS">
          <reporter-output>
          </reporter-output>
        </test-method> <!-- TC_001_verifySubscribeEmailMessage -->
        <test-method is-config="true" signature="tearDown(org.testng.ITestResult)[pri:0, instance:com.demowebshop.testscript.HomeTest@71def8f8]" started-at="2023-06-22T07:57:27 IST" name="tearDown" finished-at="2023-06-22T07:57:27 IST" duration-ms="299" status="PASS">
          <params>
            <param index="0">
              <value>
                <![CDATA[[TestResult name=TC_001_verifySubscribeEmailMessage status=SUCCESS method=HomeTest.TC_001_verifySubscribeEmailMessage()[pri:0, instance:com.demowebshop.testscript.HomeTest@71def8f8] output={null}]]]>
              </value>
            </param>
          </params>
          <reporter-output>
          </reporter-output>
        </test-method> <!-- tearDown -->
      </class> <!-- com.demowebshop.testscript.HomeTest -->
    </test> <!-- Chrome Test -->
    <test started-at="2023-06-22T07:57:00 IST" name="FireFox Test" finished-at="2023-06-22T07:57:31 IST" duration-ms="30780">
      <class name="com.demowebshop.testscript.LoginTest">
        <test-method is-config="true" signature="setExtent(org.testng.ITestContext)[pri:0, instance:com.demowebshop.testscript.LoginTest@1de76cc7]" started-at="2023-06-22T07:57:00 IST" name="setExtent" finished-at="2023-06-22T07:57:00 IST" duration-ms="20" status="PASS">
          <params>
            <param index="0">
              <value>
                <![CDATA[org.testng.TestRunner@7e057f43]]>
              </value>
            </param>
          </params>
          <reporter-output>
          </reporter-output>
        </test-method> <!-- setExtent -->
        <test-method is-config="true" signature="setUP(java.lang.String)[pri:0, instance:com.demowebshop.testscript.LoginTest@1de76cc7]" started-at="2023-06-22T07:57:01 IST" name="setUP" finished-at="2023-06-22T07:57:09 IST" duration-ms="8074" status="PASS">
          <params>
            <param index="0">
              <value>
                <![CDATA[FireFox]]>
              </value>
            </param>
          </params>
          <reporter-output>
          </reporter-output>
        </test-method> <!-- setUP -->
        <test-method signature="TC_002_verifyInvalidLoginErrorMessage(java.lang.String,java.lang.String)[pri:0, instance:com.demowebshop.testscript.LoginTest@1de76cc7]" started-at="2023-06-22T07:57:09 IST" name="TC_002_verifyInvalidLoginErrorMessage" data-provider="InvalidUserCredentials" finished-at="2023-06-22T07:57:11 IST" duration-ms="1293" status="PASS">
          <params>
            <param index="0">
              <value>
                <![CDATA[boney.jacob@gsmail.com]]>
              </value>
            </param>
            <param index="1">
              <value>
                <![CDATA[qwerty]]>
              </value>
            </param>
          </params>
          <reporter-output>
          </reporter-output>
        </test-method> <!-- TC_002_verifyInvalidLoginErrorMessage -->
        <test-method is-config="true" signature="tearDown(org.testng.ITestResult)[pri:0, instance:com.demowebshop.testscript.LoginTest@1de76cc7]" started-at="2023-06-22T07:57:11 IST" name="tearDown" finished-at="2023-06-22T07:57:12 IST" duration-ms="953" status="PASS">
          <params>
            <param index="0">
              <value>
                <![CDATA[[TestResult name=TC_002_verifyInvalidLoginErrorMessage status=SUCCESS method=LoginTest.TC_002_verifyInvalidLoginErrorMessage(java.lang.String,java.lang.String)[pri:0, instance:com.demowebshop.testscript.LoginTest@1de76cc7] output={null}]]]>
              </value>
            </param>
          </params>
          <reporter-output>
          </reporter-output>
        </test-method> <!-- tearDown -->
        <test-method is-config="true" signature="setUP(java.lang.String)[pri:0, instance:com.demowebshop.testscript.LoginTest@1de76cc7]" started-at="2023-06-22T07:57:12 IST" name="setUP" finished-at="2023-06-22T07:57:18 IST" duration-ms="6795" status="PASS">
          <params>
            <param index="0">
              <value>
                <![CDATA[FireFox]]>
              </value>
            </param>
          </params>
          <reporter-output>
          </reporter-output>
        </test-method> <!-- setUP -->
        <test-method signature="TC_002_verifyInvalidLoginErrorMessage(java.lang.String,java.lang.String)[pri:0, instance:com.demowebshop.testscript.LoginTest@1de76cc7]" started-at="2023-06-22T07:57:18 IST" name="TC_002_verifyInvalidLoginErrorMessage" data-provider="InvalidUserCredentials" finished-at="2023-06-22T07:57:20 IST" duration-ms="1261" status="PASS">
          <params>
            <param index="0">
              <value>
                <![CDATA[j.doe31@gmail.com]]>
              </value>
            </param>
            <param index="1">
              <value>
                <![CDATA[sdoepw]]>
              </value>
            </param>
          </params>
          <reporter-output>
          </reporter-output>
        </test-method> <!-- TC_002_verifyInvalidLoginErrorMessage -->
        <test-method is-config="true" signature="tearDown(org.testng.ITestResult)[pri:0, instance:com.demowebshop.testscript.LoginTest@1de76cc7]" started-at="2023-06-22T07:57:20 IST" name="tearDown" finished-at="2023-06-22T07:57:21 IST" duration-ms="1408" status="PASS">
          <params>
            <param index="0">
              <value>
                <![CDATA[[TestResult name=TC_002_verifyInvalidLoginErrorMessage status=SUCCESS method=LoginTest.TC_002_verifyInvalidLoginErrorMessage(java.lang.String,java.lang.String)[pri:0, instance:com.demowebshop.testscript.LoginTest@1de76cc7] output={null}]]]>
              </value>
            </param>
          </params>
          <reporter-output>
          </reporter-output>
        </test-method> <!-- tearDown -->
        <test-method is-config="true" signature="setUP(java.lang.String)[pri:0, instance:com.demowebshop.testscript.LoginTest@1de76cc7]" started-at="2023-06-22T07:57:21 IST" name="setUP" finished-at="2023-06-22T07:57:29 IST" duration-ms="7872" status="PASS">
          <params>
            <param index="0">
              <value>
                <![CDATA[FireFox]]>
              </value>
            </param>
          </params>
          <reporter-output>
          </reporter-output>
        </test-method> <!-- setUP -->
        <test-method signature="TC_002_verifyInvalidLoginErrorMessage(java.lang.String,java.lang.String)[pri:0, instance:com.demowebshop.testscript.LoginTest@1de76cc7]" started-at="2023-06-22T07:57:29 IST" name="TC_002_verifyInvalidLoginErrorMessage" data-provider="InvalidUserCredentials" finished-at="2023-06-22T07:57:30 IST" duration-ms="1020" status="PASS">
          <params>
            <param index="0">
              <value>
                <![CDATA[j.doe3@gmail.com]]>
              </value>
            </param>
            <param index="1">
              <value>
                <![CDATA[sdoepw1]]>
              </value>
            </param>
          </params>
          <reporter-output>
          </reporter-output>
        </test-method> <!-- TC_002_verifyInvalidLoginErrorMessage -->
        <test-method is-config="true" signature="tearDown(org.testng.ITestResult)[pri:0, instance:com.demowebshop.testscript.LoginTest@1de76cc7]" started-at="2023-06-22T07:57:30 IST" name="tearDown" finished-at="2023-06-22T07:57:31 IST" duration-ms="999" status="PASS">
          <params>
            <param index="0">
              <value>
                <![CDATA[[TestResult name=TC_002_verifyInvalidLoginErrorMessage status=SUCCESS method=LoginTest.TC_002_verifyInvalidLoginErrorMessage(java.lang.String,java.lang.String)[pri:0, instance:com.demowebshop.testscript.LoginTest@1de76cc7] output={null}]]]>
              </value>
            </param>
          </params>
          <reporter-output>
          </reporter-output>
        </test-method> <!-- tearDown -->
      </class> <!-- com.demowebshop.testscript.LoginTest -->
    </test> <!-- FireFox Test -->
  </suite> <!-- Parallel Testing -->
</testng-results>
