<?xml version="1.0" encoding="UTF-8"?>
<testng-results ignored="0" total="4" passed="4" failed="0" skipped="0">
  <reporter-output>
  </reporter-output>
  <suite started-at="2023-06-23T07:15:35 IST" name="Suite" finished-at="2023-06-23T07:16:25 IST" duration-ms="49386">
    <groups>
      <group name="Regression">
        <method signature="HomeTest.TC_001_verifySubscribeEmailMessage()[pri:1, instance:com.demowebshop.testscript.HomeTest@759d26fb]" name="TC_001_verifySubscribeEmailMessage" class="com.demowebshop.testscript.HomeTest"/>
      </group> <!-- Regression -->
      <group name="Smoke">
        <method signature="LoginTest.TC_002_verifyInvalidLoginErrorMessage(java.lang.String,java.lang.String)[pri:1, instance:com.demowebshop.testscript.LoginTest@32ee6fee]" name="TC_002_verifyInvalidLoginErrorMessage" class="com.demowebshop.testscript.LoginTest"/>
      </group> <!-- Smoke -->
    </groups>
    <test started-at="2023-06-23T07:15:35 IST" name="Parameter testing-Grouping" finished-at="2023-06-23T07:16:25 IST" duration-ms="49386">
      <class name="com.demowebshop.testscript.HomeTest">
        <test-method is-config="true" signature="setUP(java.lang.String)[pri:0, instance:com.demowebshop.testscript.HomeTest@759d26fb]" started-at="2023-06-23T07:15:35 IST" name="setUP" finished-at="2023-06-23T07:15:47 IST" duration-ms="11343" status="PASS">
          <params>
            <param index="0">
              <value>
                <![CDATA[chrome]]>
              </value>
            </param>
          </params>
          <reporter-output>
          </reporter-output>
        </test-method> <!-- setUP -->
        <test-method signature="TC_001_verifySubscribeEmailMessage()[pri:1, instance:com.demowebshop.testscript.HomeTest@759d26fb]" started-at="2023-06-23T07:15:47 IST" name="TC_001_verifySubscribeEmailMessage" description="TC_001_verify Subscribe Email Message" finished-at="2023-06-23T07:16:08 IST" duration-ms="20931" status="PASS">
          <reporter-output>
          </reporter-output>
        </test-method> <!-- TC_001_verifySubscribeEmailMessage -->
        <test-method is-config="true" signature="tearDown(org.testng.ITestResult)[pri:0, instance:com.demowebshop.testscript.HomeTest@759d26fb]" started-at="2023-06-23T07:16:08 IST" name="tearDown" finished-at="2023-06-23T07:16:08 IST" duration-ms="322" status="PASS">
          <params>
            <param index="0">
              <value>
                <![CDATA[[TestResult name=TC_001_verifySubscribeEmailMessage status=SUCCESS method=HomeTest.TC_001_verifySubscribeEmailMessage()[pri:1, instance:com.demowebshop.testscript.HomeTest@759d26fb] output={null}]]]>
              </value>
            </param>
          </params>
          <reporter-output>
          </reporter-output>
        </test-method> <!-- tearDown -->
      </class> <!-- com.demowebshop.testscript.HomeTest -->
      <class name="com.demowebshop.testscript.LoginTest">
        <test-method is-config="true" signature="setUP(java.lang.String)[pri:0, instance:com.demowebshop.testscript.LoginTest@32ee6fee]" started-at="2023-06-23T07:16:08 IST" name="setUP" finished-at="2023-06-23T07:16:12 IST" duration-ms="4220" status="PASS">
          <params>
            <param index="0">
              <value>
                <![CDATA[chrome]]>
              </value>
            </param>
          </params>
          <reporter-output>
          </reporter-output>
        </test-method> <!-- setUP -->
        <test-method signature="TC_002_verifyInvalidLoginErrorMessage(java.lang.String,java.lang.String)[pri:1, instance:com.demowebshop.testscript.LoginTest@32ee6fee]" started-at="2023-06-23T07:16:12 IST" name="TC_002_verifyInvalidLoginErrorMessage" description="TC_002_verify Invalid Login Error Message" data-provider="InvalidUserCredentials" finished-at="2023-06-23T07:16:14 IST" duration-ms="1188" status="PASS">
          <params>
            <param index="0">
              <value>
                <![CDATA[boney.jacob@gsmail.com]]>
              </value>
            </param>
            <param index="1">
              <value>
                <![CDATA[qwerty]]>
              </value>
            </param>
          </params>
          <reporter-output>
          </reporter-output>
        </test-method> <!-- TC_002_verifyInvalidLoginErrorMessage -->
        <test-method is-config="true" signature="tearDown(org.testng.ITestResult)[pri:0, instance:com.demowebshop.testscript.LoginTest@32ee6fee]" started-at="2023-06-23T07:16:14 IST" name="tearDown" finished-at="2023-06-23T07:16:14 IST" duration-ms="227" status="PASS">
          <params>
            <param index="0">
              <value>
                <![CDATA[[TestResult name=TC_002_verifyInvalidLoginErrorMessage status=SUCCESS method=LoginTest.TC_002_verifyInvalidLoginErrorMessage(java.lang.String,java.lang.String)[pri:1, instance:com.demowebshop.testscript.LoginTest@32ee6fee] output={null}]]]>
              </value>
            </param>
          </params>
          <reporter-output>
          </reporter-output>
        </test-method> <!-- tearDown -->
        <test-method is-config="true" signature="setUP(java.lang.String)[pri:0, instance:com.demowebshop.testscript.LoginTest@32ee6fee]" started-at="2023-06-23T07:16:14 IST" name="setUP" finished-at="2023-06-23T07:16:18 IST" duration-ms="3881" status="PASS">
          <params>
            <param index="0">
              <value>
                <![CDATA[chrome]]>
              </value>
            </param>
          </params>
          <reporter-output>
          </reporter-output>
        </test-method> <!-- setUP -->
        <test-method signature="TC_002_verifyInvalidLoginErrorMessage(java.lang.String,java.lang.String)[pri:1, instance:com.demowebshop.testscript.LoginTest@32ee6fee]" started-at="2023-06-23T07:16:18 IST" name="TC_002_verifyInvalidLoginErrorMessage" description="TC_002_verify Invalid Login Error Message" data-provider="InvalidUserCredentials" finished-at="2023-06-23T07:16:19 IST" duration-ms="1120" status="PASS">
          <params>
            <param index="0">
              <value>
                <![CDATA[j.doe31@gmail.com]]>
              </value>
            </param>
            <param index="1">
              <value>
                <![CDATA[sdoepw]]>
              </value>
            </param>
          </params>
          <reporter-output>
          </reporter-output>
        </test-method> <!-- TC_002_verifyInvalidLoginErrorMessage -->
        <test-method is-config="true" signature="tearDown(org.testng.ITestResult)[pri:0, instance:com.demowebshop.testscript.LoginTest@32ee6fee]" started-at="2023-06-23T07:16:19 IST" name="tearDown" finished-at="2023-06-23T07:16:19 IST" duration-ms="316" status="PASS">
          <params>
            <param index="0">
              <value>
                <![CDATA[[TestResult name=TC_002_verifyInvalidLoginErrorMessage status=SUCCESS method=LoginTest.TC_002_verifyInvalidLoginErrorMessage(java.lang.String,java.lang.String)[pri:1, instance:com.demowebshop.testscript.LoginTest@32ee6fee] output={null}]]]>
              </value>
            </param>
          </params>
          <reporter-output>
          </reporter-output>
        </test-method> <!-- tearDown -->
        <test-method is-config="true" signature="setUP(java.lang.String)[pri:0, instance:com.demowebshop.testscript.LoginTest@32ee6fee]" started-at="2023-06-23T07:16:19 IST" name="setUP" finished-at="2023-06-23T07:16:23 IST" duration-ms="4326" status="PASS">
          <params>
            <param index="0">
              <value>
                <![CDATA[chrome]]>
              </value>
            </param>
          </params>
          <reporter-output>
          </reporter-output>
        </test-method> <!-- setUP -->
        <test-method signature="TC_002_verifyInvalidLoginErrorMessage(java.lang.String,java.lang.String)[pri:1, instance:com.demowebshop.testscript.LoginTest@32ee6fee]" started-at="2023-06-23T07:16:23 IST" name="TC_002_verifyInvalidLoginErrorMessage" description="TC_002_verify Invalid Login Error Message" data-provider="InvalidUserCredentials" finished-at="2023-06-23T07:16:25 IST" duration-ms="1161" status="PASS">
          <params>
            <param index="0">
              <value>
                <![CDATA[j.doe3@gmail.com]]>
              </value>
            </param>
            <param index="1">
              <value>
                <![CDATA[sdoepw1]]>
              </value>
            </param>
          </params>
          <reporter-output>
          </reporter-output>
        </test-method> <!-- TC_002_verifyInvalidLoginErrorMessage -->
        <test-method is-config="true" signature="tearDown(org.testng.ITestResult)[pri:0, instance:com.demowebshop.testscript.LoginTest@32ee6fee]" started-at="2023-06-23T07:16:25 IST" name="tearDown" finished-at="2023-06-23T07:16:25 IST" duration-ms="235" status="PASS">
          <params>
            <param index="0">
              <value>
                <![CDATA[[TestResult name=TC_002_verifyInvalidLoginErrorMessage status=SUCCESS method=LoginTest.TC_002_verifyInvalidLoginErrorMessage(java.lang.String,java.lang.String)[pri:1, instance:com.demowebshop.testscript.LoginTest@32ee6fee] output={null}]]]>
              </value>
            </param>
          </params>
          <reporter-output>
          </reporter-output>
        </test-method> <!-- tearDown -->
      </class> <!-- com.demowebshop.testscript.LoginTest -->
    </test> <!-- Parameter testing-Grouping -->
  </suite> <!-- Suite -->
</testng-results>
